<?xml version="1.0" encoding="UTF-8"?>
<testng-results ignored="0" total="1" passed="1" failed="0" skipped="0">
  <reporter-output>
  </reporter-output>
  <suite started-at="2025-08-15T11:50:19 IST" name="Default suite" finished-at="2025-08-15T11:51:33 IST" duration-ms="73806">
    <groups>
    </groups>
    <test started-at="2025-08-15T11:50:19 IST" name="Default test" finished-at="2025-08-15T11:51:33 IST" duration-ms="73806">
      <class name="windowhandling.IrctcWindowHandling">
        <test-method is-config="true" signature="beforeMethod()[pri:0, instance:windowhandling.IrctcWindowHandling@5217f3d0]" started-at="2025-08-15T11:50:19 IST" name="beforeMethod" finished-at="2025-08-15T11:50:30 IST" duration-ms="10809" status="PASS">
          <reporter-output>
          </reporter-output>
        </test-method> <!-- beforeMethod -->
        <test-method signature="automatingIrctc()[pri:0, instance:windowhandling.IrctcWindowHandling@5217f3d0]" started-at="2025-08-15T11:50:30 IST" name="automatingIrctc" finished-at="2025-08-15T11:51:27 IST" duration-ms="57807" status="PASS">
          <reporter-output>
          </reporter-output>
        </test-method> <!-- automatingIrctc -->
        <test-method is-config="true" signature="afterMethod()[pri:0, instance:windowhandling.IrctcWindowHandling@5217f3d0]" started-at="2025-08-15T11:51:27 IST" name="afterMethod" finished-at="2025-08-15T11:51:33 IST" duration-ms="5105" status="PASS">
          <reporter-output>
          </reporter-output>
        </test-method> <!-- afterMethod -->
      </class> <!-- windowhandling.IrctcWindowHandling -->
    </test> <!-- Default test -->
  </suite> <!-- Default suite -->
</testng-results>
