<?xml version="1.0" encoding="UTF-8"?>
<testng-results ignored="0" total="1" passed="1" failed="0" skipped="0">
  <reporter-output>
  </reporter-output>
  <suite started-at="2025-07-09T14:06:49 IST" name="Default suite" finished-at="2025-07-09T14:07:52 IST" duration-ms="63351">
    <groups>
    </groups>
    <test started-at="2025-07-09T14:06:49 IST" name="Default test" finished-at="2025-07-09T14:07:52 IST" duration-ms="63351">
      <class name="Alerts.GuruWebsite">
        <test-method is-config="true" signature="initialSetUp()[pri:0, instance:Alerts.GuruWebsite@5217f3d0]" started-at="2025-07-09T14:06:49 IST" name="initialSetUp" finished-at="2025-07-09T14:07:11 IST" duration-ms="22843" status="PASS">
          <reporter-output>
          </reporter-output>
        </test-method> <!-- initialSetUp -->
        <test-method signature="amazonDropDown()[pri:0, instance:Alerts.GuruWebsite@5217f3d0]" started-at="2025-07-09T14:07:11 IST" name="amazonDropDown" finished-at="2025-07-09T14:07:15 IST" duration-ms="3902" status="PASS">
          <reporter-output>
          </reporter-output>
        </test-method> <!-- amazonDropDown -->
        <test-method is-config="true" signature="finalSetUp()[pri:0, instance:Alerts.GuruWebsite@5217f3d0]" started-at="2025-07-09T14:07:15 IST" name="finalSetUp" finished-at="2025-07-09T14:07:52 IST" duration-ms="36543" status="PASS">
          <reporter-output>
          </reporter-output>
        </test-method> <!-- finalSetUp -->
      </class> <!-- Alerts.GuruWebsite -->
    </test> <!-- Default test -->
  </suite> <!-- Default suite -->
</testng-results>
