<?xml version="1.0" encoding="UTF-8"?>
<!-- Generated by org.testng.reporters.JUnitReportReporter -->
<testsuite hostname="Pradeep" failures="0" tests="1" name="robotclassandfileuploading.AuthenticatingPopUpHandlingAndTypingTextInAlertPopUp" time="14.870" errors="0" timestamp="2026-04-15T11:18:43 IST" skipped="0">
  <testcase classname="robotclassandfileuploading.AuthenticatingPopUpHandlingAndTypingTextInAlertPopUp" name="automatingPopUp" time="14.870"/>
</testsuite> <!-- robotclassandfileuploading.AuthenticatingPopUpHandlingAndTypingTextInAlertPopUp -->
