<?xml version="1.0" encoding="UTF-8"?>
<!-- Generated by org.testng.reporters.JUnitReportReporter -->
<testsuite hostname="Pradeep" failures="0" tests="2" name="CheckBoxesAndRadioButtons.RadioButtons" time="17.675" errors="0" timestamp="2026-04-16T22:24:56 IST" skipped="0">
  <testcase classname="CheckBoxesAndRadioButtons.RadioButtons" name="radioButton1" time="8.169"/>
  <testcase classname="CheckBoxesAndRadioButtons.RadioButtons" name="radioButton2" time="9.506"/>
</testsuite> <!-- CheckBoxesAndRadioButtons.RadioButtons -->
