<?xml version="1.0" encoding="UTF-8"?>
<!-- Generated by org.testng.reporters.JUnitReportReporter -->
<testsuite hostname="Pradeep" failures="0" tests="3" name="CheckBoxesAndRadioButtons.CheckBox" time="26.955" errors="0" timestamp="2026-04-16T22:01:48 IST" skipped="0">
  <testcase classname="CheckBoxesAndRadioButtons.CheckBox" name="checkBox3" time="13.312"/>
  <testcase classname="CheckBoxesAndRadioButtons.CheckBox" name="checkBox1" time="4.943"/>
  <testcase classname="CheckBoxesAndRadioButtons.CheckBox" name="checkBox2" time="8.700"/>
</testsuite> <!-- CheckBoxesAndRadioButtons.CheckBox -->
